0 info it worked if it ends with ok
1 verbose cli [ '/usr/bin/node', '/bin/npm', 'install', '-g', 'n' ]
2 info using npm@3.10.10
3 info using node@v6.10.2
4 silly loadCurrentTree Starting
5 silly install loadCurrentTree
6 silly install readGlobalPackageData
7 silly fetchPackageMetaData n
8 silly fetchNamedPackageData n
9 silly mapToRegistry name n
10 silly mapToRegistry using default registry
11 silly mapToRegistry registry https://registry.npmjs.org/
12 silly mapToRegistry data Result {
12 silly mapToRegistry   raw: 'n',
12 silly mapToRegistry   scope: null,
12 silly mapToRegistry   escapedName: 'n',
12 silly mapToRegistry   name: 'n',
12 silly mapToRegistry   rawSpec: '',
12 silly mapToRegistry   spec: 'latest',
12 silly mapToRegistry   type: 'tag' }
13 silly mapToRegistry uri https://registry.npmjs.org/n
14 verbose request uri https://registry.npmjs.org/n
15 verbose request no auth needed
16 info attempt registry request try #1 at 6:07:54 PM
17 verbose request id 8f8fb060d1ef21a1
18 http request GET https://registry.npmjs.org/n
19 http 200 https://registry.npmjs.org/n
20 verbose headers { date: 'Tue, 11 May 2021 01:07:54 GMT',
20 verbose headers   'content-type': 'application/json',
20 verbose headers   'transfer-encoding': 'chunked',
20 verbose headers   connection: 'keep-alive',
20 verbose headers   'cf-ray': '64d7835a99f4f559-SEA',
20 verbose headers   age: '5551',
20 verbose headers   'cache-control': 'public, max-age=300',
20 verbose headers   etag: 'W/"837b4cdf57f09ed262690e0d0c9067fb"',
20 verbose headers   'last-modified': 'Sun, 25 Apr 2021 01:08:47 GMT',
20 verbose headers   vary: 'accept-encoding, accept',
20 verbose headers   'cf-cache-status': 'HIT',
20 verbose headers   'cf-request-id': '09fa906c9f0000f5597802e000000001',
20 verbose headers   'expect-ct': 'max-age=604800, report-uri="https://report-uri.cloudflare.com/cdn-cgi/beacon/expect-ct"',
20 verbose headers   server: 'cloudflare',
20 verbose headers   'content-encoding': 'gzip' }
21 silly get cb [ 200,
21 silly get   { date: 'Tue, 11 May 2021 01:07:54 GMT',
21 silly get     'content-type': 'application/json',
21 silly get     'transfer-encoding': 'chunked',
21 silly get     connection: 'keep-alive',
21 silly get     'cf-ray': '64d7835a99f4f559-SEA',
21 silly get     age: '5551',
21 silly get     'cache-control': 'public, max-age=300',
21 silly get     etag: 'W/"837b4cdf57f09ed262690e0d0c9067fb"',
21 silly get     'last-modified': 'Sun, 25 Apr 2021 01:08:47 GMT',
21 silly get     vary: 'accept-encoding, accept',
21 silly get     'cf-cache-status': 'HIT',
21 silly get     'cf-request-id': '09fa906c9f0000f5597802e000000001',
21 silly get     'expect-ct': 'max-age=604800, report-uri="https://report-uri.cloudflare.com/cdn-cgi/beacon/expect-ct"',
21 silly get     server: 'cloudflare',
21 silly get     'content-encoding': 'gzip' } ]
22 verbose get saving n to /nfs/stak/users/duensing/.npm/registry.npmjs.org/n/.cache.json
23 verbose correctMkdir /nfs/stak/users/duensing/.npm correctMkdir not in flight; initializing
24 silly install normalizeTree
25 silly loadCurrentTree Finishing
26 silly loadIdealTree Starting
27 silly install loadIdealTree
28 silly cloneCurrentTree Starting
29 silly install cloneCurrentTreeToIdealTree
30 silly cloneCurrentTree Finishing
31 silly loadShrinkwrap Starting
32 silly install loadShrinkwrap
33 silly loadShrinkwrap Finishing
34 silly loadAllDepsIntoIdealTree Starting
35 silly install loadAllDepsIntoIdealTree
36 silly resolveWithNewModule n@7.2.2 checking installable status
37 silly cache add args [ 'n', null ]
38 verbose cache add spec n
39 silly cache add parsed spec Result {
39 silly cache add   raw: 'n',
39 silly cache add   scope: null,
39 silly cache add   escapedName: 'n',
39 silly cache add   name: 'n',
39 silly cache add   rawSpec: '',
39 silly cache add   spec: 'latest',
39 silly cache add   type: 'tag' }
40 silly addNamed n@latest
41 verbose addNamed "latest" is being treated as a dist-tag for n
42 info addNameTag [ 'n', 'latest' ]
43 silly mapToRegistry name n
44 silly mapToRegistry using default registry
45 silly mapToRegistry registry https://registry.npmjs.org/
46 silly mapToRegistry data Result {
46 silly mapToRegistry   raw: 'n',
46 silly mapToRegistry   scope: null,
46 silly mapToRegistry   escapedName: 'n',
46 silly mapToRegistry   name: 'n',
46 silly mapToRegistry   rawSpec: '',
46 silly mapToRegistry   spec: 'latest',
46 silly mapToRegistry   type: 'tag' }
47 silly mapToRegistry uri https://registry.npmjs.org/n
48 verbose addNameTag registry:https://registry.npmjs.org/n not in flight; fetching
49 verbose get https://registry.npmjs.org/n not expired, no request
50 silly addNameTag next cb for n with tag latest
51 silly addNamed n@7.2.2
52 verbose addNamed "7.2.2" is a plain semver version for n
53 silly mapToRegistry name n
54 silly mapToRegistry using default registry
55 silly mapToRegistry registry https://registry.npmjs.org/
56 silly mapToRegistry data Result {
56 silly mapToRegistry   raw: 'n',
56 silly mapToRegistry   scope: null,
56 silly mapToRegistry   escapedName: 'n',
56 silly mapToRegistry   name: 'n',
56 silly mapToRegistry   rawSpec: '',
56 silly mapToRegistry   spec: 'latest',
56 silly mapToRegistry   type: 'tag' }
57 silly mapToRegistry uri https://registry.npmjs.org/n
58 verbose addRemoteTarball https://registry.npmjs.org/n/-/n-7.2.2.tgz not in flight; adding
59 verbose addRemoteTarball [ 'https://registry.npmjs.org/n/-/n-7.2.2.tgz',
59 verbose addRemoteTarball   'd2c42c4c8fb60bbcc54e702726f4ea3e7e6cb0a7' ]
60 info retry fetch attempt 1 at 6:07:54 PM
61 info attempt registry request try #1 at 6:07:54 PM
62 http fetch GET https://registry.npmjs.org/n/-/n-7.2.2.tgz
63 http fetch 200 https://registry.npmjs.org/n/-/n-7.2.2.tgz
64 silly fetchAndShaCheck shasum d2c42c4c8fb60bbcc54e702726f4ea3e7e6cb0a7
65 verbose addTmpTarball /tmp/npm-28348-f9d9c47e/registry.npmjs.org/n/-/n-7.2.2.tgz not in flight; adding
66 verbose addTmpTarball already have metadata; skipping unpack for n@7.2.2
67 verbose correctMkdir /nfs/stak/users/duensing/.npm correctMkdir not in flight; initializing
68 silly cache afterAdd n@7.2.2
69 verbose afterAdd /nfs/stak/users/duensing/.npm/n/7.2.2/package/package.json not in flight; writing
70 verbose correctMkdir /nfs/stak/users/duensing/.npm correctMkdir not in flight; initializing
71 verbose afterAdd /nfs/stak/users/duensing/.npm/n/7.2.2/package/package.json written
72 silly loadAllDepsIntoIdealTree Finishing
73 silly loadIdealTree Finishing
74 silly currentTree lib
75 silly idealTree lib
75 silly idealTree └── n@7.2.2
76 silly generateActionsToTake Starting
77 silly install generateActionsToTake
78 warn checkPermissions Missing write access to /usr/lib/node_modules
79 silly rollbackFailedOptional Starting
80 silly rollbackFailedOptional Finishing
81 silly runTopLevelLifecycles Finishing
82 silly install printInstalled
83 verbose stack Error: EACCES: permission denied, access '/usr/lib/node_modules'
83 verbose stack     at Error (native)
84 verbose cwd /nfs/stak/users/duensing/cs361/microservice
85 error Linux 3.10.0-1160.11.1.el7.x86_64
86 error argv "/usr/bin/node" "/bin/npm" "install" "-g" "n"
87 error node v6.10.2
88 error npm  v3.10.10
89 error path /usr/lib/node_modules
90 error code EACCES
91 error errno -13
92 error syscall access
93 error Error: EACCES: permission denied, access '/usr/lib/node_modules'
93 error     at Error (native)
93 error  { Error: EACCES: permission denied, access '/usr/lib/node_modules'
93 error     at Error (native)
93 error   errno: -13,
93 error   code: 'EACCES',
93 error   syscall: 'access',
93 error   path: '/usr/lib/node_modules' }
94 error Please try running this command again as root/Administrator.
95 verbose exit [ -13, true ]
